<?xml version="1.0" encoding="UTF-8"?>
<!-- Generated by org.testng.reporters.JUnitXMLReporter -->
<testsuite hostname="hou-jmorah-m" ignored="0" name="Package signup" tests="6" failures="1" timestamp="10 Oct 2019 17:17:47 GMT" time="58.175" errors="0">
  <testcase name="hgq1125" time="3.872" classname="com.hostgator.PkgSignup"/>
  <testcase name="hgq1133" time="0.805" classname="com.hostgator.PkgSignup"/>
  <testcase name="hgq1134" time="2.596" classname="com.hostgator.PkgSignup"/>
  <testcase name="hgq898" time="17.685" classname="com.hostgator.PkgSignup">
    <failure type="org.openqa.selenium.ElementClickInterceptedException" message="element click intercepted: Element &amp;lt;a tabindex=&amp;quot;901&amp;quot; class=&amp;quot;button-yellow button-buy&amp;quot; id=&amp;quot;final-checkout&amp;quot; href=&amp;quot;#&amp;quot; title=&amp;quot;Pay Bill Now&amp;quot;&amp;gt;...&amp;lt;/a&amp;gt; is not clickable at point (599, 765). Other element would receive the click: &amp;lt;div style=&amp;quot;width: 100%; height: 100%; position: fixed; top: 0px; left: 0px; z-index: 2000000000; background-color: rgb(255, 255, 255); opacity: 0.5;&amp;quot;&amp;gt;&amp;lt;/div&amp;gt;
  (Session info: chrome=77.0.3865.90)
Build info: version: &amp;apos;4.0.0-alpha-3&amp;apos;, revision: &amp;apos;8c567de6dc&amp;apos;
System info: host: &amp;apos;hou-jmorah-m&amp;apos;, ip: &amp;apos;fe80:0:0:0:10c8:9f64:70ee:58ce%en0&amp;apos;, os.name: &amp;apos;Mac OS X&amp;apos;, os.arch: &amp;apos;x86_64&amp;apos;, os.version: &amp;apos;10.13.6&amp;apos;, java.version: &amp;apos;1.8.0_211&amp;apos;
Driver info: org.openqa.selenium.chrome.ChromeDriver
Capabilities {acceptInsecureCerts: false, browserName: chrome, browserVersion: 77.0.3865.90, chrome: {chromedriverVersion: 77.0.3865.40 (f484704e052e0..., userDataDir: /var/folders/0x/vk5mg75s587...}, goog:chromeOptions: {debuggerAddress: localhost:50835}, javascriptEnabled: true, networkConnectionEnabled: false, pageLoadStrategy: normal, platform: MAC, platformName: MAC, proxy: Proxy(), setWindowRect: true, strictFileInteractability: false, timeouts: {implicit: 0, pageLoad: 300000, script: 30000}, unhandledPromptBehavior: dismiss and notify}
Session ID: 1e7ef73e87938a9051ba4362852a166d">
      <![CDATA[org.openqa.selenium.ElementClickInterceptedException: element click intercepted: Element <a tabindex="901" class="button-yellow button-buy" id="final-checkout" href="#" title="Pay Bill Now">...</a> is not clickable at point (599, 765). Other element would receive the click: <div style="width: 100%; height: 100%; position: fixed; top: 0px; left: 0px; z-index: 2000000000; background-color: rgb(255, 255, 255); opacity: 0.5;"></div>
  (Session info: chrome=77.0.3865.90)
Build info: version: '4.0.0-alpha-3', revision: '8c567de6dc'
System info: host: 'hou-jmorah-m', ip: 'fe80:0:0:0:10c8:9f64:70ee:58ce%en0', os.name: 'Mac OS X', os.arch: 'x86_64', os.version: '10.13.6', java.version: '1.8.0_211'
Driver info: org.openqa.selenium.chrome.ChromeDriver
Capabilities {acceptInsecureCerts: false, browserName: chrome, browserVersion: 77.0.3865.90, chrome: {chromedriverVersion: 77.0.3865.40 (f484704e052e0..., userDataDir: /var/folders/0x/vk5mg75s587...}, goog:chromeOptions: {debuggerAddress: localhost:50835}, javascriptEnabled: true, networkConnectionEnabled: false, pageLoadStrategy: normal, platform: MAC, platformName: MAC, proxy: Proxy(), setWindowRect: true, strictFileInteractability: false, timeouts: {implicit: 0, pageLoad: 300000, script: 30000}, unhandledPromptBehavior: dismiss and notify}
Session ID: 1e7ef73e87938a9051ba4362852a166d
at org.openqa.selenium.remote.codec.w3c.W3CHttpResponseCodec.createException(W3CHttpResponseCodec.java:191)
at org.openqa.selenium.remote.codec.w3c.W3CHttpResponseCodec.decode(W3CHttpResponseCodec.java:125)
at org.openqa.selenium.remote.codec.w3c.W3CHttpResponseCodec.decode(W3CHttpResponseCodec.java:52)
at org.openqa.selenium.remote.HttpCommandExecutor.execute(HttpCommandExecutor.java:161)
at org.openqa.selenium.remote.service.DriverCommandExecutor.execute(DriverCommandExecutor.java:83)
at org.openqa.selenium.remote.RemoteWebDriver.execute(RemoteWebDriver.java:576)
at org.openqa.selenium.remote.RemoteWebElement.execute(RemoteWebElement.java:308)
at org.openqa.selenium.remote.RemoteWebElement.click(RemoteWebElement.java:83)
at com.hostgator.signupPages.Signuppage.clickCheckout(Signuppage.java:161)
at com.hostgator.PkgSignup.hgq898(PkgSignup.java:64)
... Removed 29 stack frames]]>
    </failure>
  </testcase> <!-- hgq898 -->
  <testcase name="hgq899" time="30.075" classname="com.hostgator.PkgSignup"/>
  <testcase name="hgq900" time="1.699" classname="com.hostgator.PkgSignup"/>
</testsuite> <!-- Package signup -->
